<?xml version="1.0" encoding="UTF-8"?>
<testsuite name="com.example.MyServiceApplicationTests" tests="1" skipped="0" failures="0" errors="0" timestamp="2016-06-10T16:35:03" hostname="DESKTOP-56QK1F6" time="0.011">
  <properties/>
  <testcase name="contextLoads" classname="com.example.MyServiceApplicationTests" time="0.011"/>
  <system-out><![CDATA[20:34:58.698 [Test worker] DEBUG org.springframework.test.context.junit4.SpringJUnit4ClassRunner - SpringJUnit4ClassRunner constructor called with [class com.example.MyServiceApplicationTests]
20:34:58.709 [Test worker] DEBUG org.springframework.test.context.BootstrapUtils - Instantiating CacheAwareContextLoaderDelegate from class [org.springframework.test.context.cache.DefaultCacheAwareContextLoaderDelegate]
20:34:58.721 [Test worker] DEBUG org.springframework.test.context.BootstrapUtils - Instantiating BootstrapContext using constructor [public org.springframework.test.context.support.DefaultBootstrapContext(java.lang.Class,org.springframework.test.context.CacheAwareContextLoaderDelegate)]
20:34:58.739 [Test worker] DEBUG org.springframework.test.context.BootstrapUtils - Instantiating TestContextBootstrapper for test class [com.example.MyServiceApplicationTests] from class [org.springframework.test.context.support.DefaultTestContextBootstrapper]
20:34:58.783 [Test worker] DEBUG org.springframework.test.context.support.DefaultTestContextBootstrapper - Found explicit ContextLoader class [org.springframework.boot.test.SpringApplicationContextLoader] for context configuration attributes [ContextConfigurationAttributes@2eb909e1 declaringClass = 'com.example.MyServiceApplicationTests', classes = '{class com.example.MyServiceApplication}', locations = '{}', inheritLocations = true, initializers = '{}', inheritInitializers = true, name = [null], contextLoaderClass = 'org.springframework.boot.test.SpringApplicationContextLoader']
20:34:58.800 [Test worker] DEBUG org.springframework.test.context.support.AbstractContextLoader - Did not detect default resource location for test class [com.example.MyServiceApplicationTests]: class path resource [com/example/MyServiceApplicationTests-context.xml] does not exist
20:34:58.800 [Test worker] DEBUG org.springframework.test.context.support.AbstractContextLoader - Did not detect default resource location for test class [com.example.MyServiceApplicationTests]: class path resource [com/example/MyServiceApplicationTestsContext.groovy] does not exist
20:34:58.801 [Test worker] INFO org.springframework.test.context.support.AbstractContextLoader - Could not detect default resource locations for test class [com.example.MyServiceApplicationTests]: no resource found for suffixes {-context.xml, Context.groovy}.
20:34:58.804 [Test worker] DEBUG org.springframework.test.context.support.ActiveProfilesUtils - Could not find an 'annotation declaring class' for annotation type [org.springframework.test.context.ActiveProfiles] and class [com.example.MyServiceApplicationTests]
20:34:58.816 [Test worker] DEBUG org.springframework.test.context.support.DefaultTestContextBootstrapper - @TestExecutionListeners is not present for class [com.example.MyServiceApplicationTests]: using defaults.
20:34:58.830 [Test worker] INFO org.springframework.test.context.support.DefaultTestContextBootstrapper - Loaded default TestExecutionListener class names from location [META-INF/spring.factories]: [org.springframework.test.context.web.ServletTestExecutionListener, org.springframework.test.context.support.DirtiesContextBeforeModesTestExecutionListener, org.springframework.test.context.support.DependencyInjectionTestExecutionListener, org.springframework.test.context.support.DirtiesContextTestExecutionListener, org.springframework.test.context.transaction.TransactionalTestExecutionListener, org.springframework.test.context.jdbc.SqlScriptsTestExecutionListener]
20:34:58.871 [Test worker] INFO org.springframework.test.context.support.DefaultTestContextBootstrapper - Using TestExecutionListeners: [org.springframework.test.context.web.ServletTestExecutionListener@5eef5c6d, org.springframework.test.context.support.DirtiesContextBeforeModesTestExecutionListener@1b3060d3, org.springframework.test.context.support.DependencyInjectionTestExecutionListener@7af54ee6, org.springframework.test.context.support.DirtiesContextTestExecutionListener@96eb2f9, org.springframework.test.context.transaction.TransactionalTestExecutionListener@2dc69b8d, org.springframework.test.context.jdbc.SqlScriptsTestExecutionListener@3568501e]
20:34:58.880 [Test worker] DEBUG org.springframework.test.annotation.ProfileValueUtils - Retrieved @ProfileValueSourceConfiguration [null] for test class [com.example.MyServiceApplicationTests]
20:34:58.884 [Test worker] DEBUG org.springframework.test.annotation.ProfileValueUtils - Retrieved ProfileValueSource type [class org.springframework.test.annotation.SystemProfileValueSource] for class [com.example.MyServiceApplicationTests]
20:34:58.886 [Test worker] DEBUG org.springframework.test.annotation.ProfileValueUtils - Retrieved @ProfileValueSourceConfiguration [null] for test class [com.example.MyServiceApplicationTests]
20:34:58.887 [Test worker] DEBUG org.springframework.test.annotation.ProfileValueUtils - Retrieved ProfileValueSource type [class org.springframework.test.annotation.SystemProfileValueSource] for class [com.example.MyServiceApplicationTests]
20:34:58.894 [Test worker] DEBUG org.springframework.test.context.support.AbstractDirtiesContextTestExecutionListener - Before test class: context [DefaultTestContext@67cdca9a testClass = MyServiceApplicationTests, testInstance = [null], testMethod = [null], testException = [null], mergedContextConfiguration = [MergedContextConfiguration@7936c1c testClass = MyServiceApplicationTests, locations = '{}', classes = '{class com.example.MyServiceApplication}', contextInitializerClasses = '[]', activeProfiles = '{}', propertySourceLocations = '{}', propertySourceProperties = '{}', contextLoader = 'org.springframework.boot.test.SpringApplicationContextLoader', parent = [null]]], class annotated with @DirtiesContext [false] with mode [null].
20:34:58.896 [Test worker] DEBUG org.springframework.test.annotation.ProfileValueUtils - Retrieved @ProfileValueSourceConfiguration [null] for test class [com.example.MyServiceApplicationTests]
20:34:58.896 [Test worker] DEBUG org.springframework.test.annotation.ProfileValueUtils - Retrieved ProfileValueSource type [class org.springframework.test.annotation.SystemProfileValueSource] for class [com.example.MyServiceApplicationTests]
20:34:58.900 [Test worker] DEBUG org.springframework.test.context.support.DependencyInjectionTestExecutionListener - Performing dependency injection for test context [[DefaultTestContext@67cdca9a testClass = MyServiceApplicationTests, testInstance = com.example.MyServiceApplicationTests@681102da, testMethod = [null], testException = [null], mergedContextConfiguration = [MergedContextConfiguration@7936c1c testClass = MyServiceApplicationTests, locations = '{}', classes = '{class com.example.MyServiceApplication}', contextInitializerClasses = '[]', activeProfiles = '{}', propertySourceLocations = '{}', propertySourceProperties = '{}', contextLoader = 'org.springframework.boot.test.SpringApplicationContextLoader', parent = [null]]]].
20:34:59.070 [Test worker] DEBUG org.springframework.core.env.StandardEnvironment - Adding [systemProperties] PropertySource with lowest search precedence
20:34:59.074 [Test worker] DEBUG org.springframework.core.env.StandardEnvironment - Adding [systemEnvironment] PropertySource with lowest search precedence
20:34:59.075 [Test worker] DEBUG org.springframework.core.env.StandardEnvironment - Initialized StandardEnvironment with PropertySources [systemProperties,systemEnvironment]
20:34:59.077 [Test worker] DEBUG org.springframework.core.env.StandardEnvironment - Adding [integrationTest] PropertySource with search precedence immediately lower than [systemEnvironment]

  .   ____          _            __ _ _
 /\\ / ___'_ __ _ _(_)_ __  __ _ \ \ \ \
( ( )\___ | '_ | '_| | '_ \/ _` | \ \ \ \
 \\/  ___)| |_)| | | | | || (_| |  ) ) ) )
  '  |____| .__|_| |_|_| |_\__, | / / / /
 =========|_|==============|___/=/_/_/_/
 :: Spring Boot ::        (v1.3.5.RELEASE)

2016-06-10 20:34:59.836  INFO 8056 --- [    Test worker] com.example.MyServiceApplicationTests    : Starting MyServiceApplicationTests on DESKTOP-56QK1F6 with PID 8056 (C:\Users\СЃС‚РµРїР°РЅ\Desktop\MyService\build\classes\test started by СЃС‚РµРїР°РЅ in C:\Users\СЃС‚РµРїР°РЅ\Desktop\MyService)
2016-06-10 20:34:59.838  INFO 8056 --- [    Test worker] com.example.MyServiceApplicationTests    : No active profile set, falling back to default profiles: default
2016-06-10 20:34:59.994  INFO 8056 --- [    Test worker] s.c.a.AnnotationConfigApplicationContext : Refreshing org.springframework.context.annotation.AnnotationConfigApplicationContext@12581360: startup date [Fri Jun 10 20:34:59 MSK 2016]; root of context hierarchy
2016-06-10 20:35:03.782  INFO 8056 --- [    Test worker] com.example.MyServiceApplicationTests    : Started MyServiceApplicationTests in 4.701 seconds (JVM running for 6.936)
]]></system-out>
  <system-err><![CDATA[]]></system-err>
</testsuite>
